ClothingStore(with Search)/app/build/outputs/logs/manifest-merger-debug-report.txt
-- Merging decision tree log ---
manifest
ADDED from src/main/AndroidManifest.xml:2:1-43:12
	xmlns:android
		ADDED from src/main/AndroidManifest.xml:2:11-69
	package
		ADDED from src/main/AndroidManifest.xml:3:5-40
		INJECTED from src/main/AndroidManifest.xml
		INJECTED from src/main/AndroidManifest.xml
	android:versionName
		ADDED from src/main/AndroidManifest.xml:5:5-30
	android:versionCode
		ADDED from src/main/AndroidManifest.xml:4:5-28
		INJECTED from src/main/AndroidManifest.xml
		INJECTED from src/main/AndroidManifest.xml
application
ADDED from src/main/AndroidManifest.xml:7:5-41:19
MERGED from [com.android.support:support-v4:22.2.1] AndroidManifest.xml:22:5-20
MERGED from [com.android.support:support-v13:22.2.1] AndroidManifest.xml:22:5-20
MERGED from [com.android.support:support-v4:22.2.1] AndroidManifest.xml:22:5-20
	android:label
		ADDED from src/main/AndroidManifest.xml:10:9-41
	android:allowBackup
		ADDED from src/main/AndroidManifest.xml:8:9-35
	android:icon
		ADDED from src/main/AndroidManifest.xml:9:9-45
	android:theme
		ADDED from src/main/AndroidManifest.xml:11:9-40
activity#com.example.clothingstore.MainActivity
ADDED from src/main/AndroidManifest.xml:12:9-20:20
	android:label
		ADDED from src/main/AndroidManifest.xml:14:13-45
	android:name
		ADDED from src/main/AndroidManifest.xml:13:13-41
intent-filter#android.intent.action.MAIN+android.intent.category.LAUNCHER
ADDED from src/main/AndroidManifest.xml:15:13-19:29
action#android.intent.action.MAIN
ADDED from src/main/AndroidManifest.xml:16:17-69
	android:name
		ADDED from src/main/AndroidManifest.xml:16:25-66
category#android.intent.category.LAUNCHER
ADDED from src/main/AndroidManifest.xml:18:17-77
	android:name
		ADDED from src/main/AndroidManifest.xml:18:27-74
activity#com.example.clothingstore.AgregarCamisas
ADDED from src/main/AndroidManifest.xml:21:9-25:20
	android:windowSoftInputMode
		ADDED from src/main/AndroidManifest.xml:24:13-54
	android:label
		ADDED from src/main/AndroidManifest.xml:23:13-63
	android:name
		ADDED from src/main/AndroidManifest.xml:22:13-43
activity#com.example.clothingstore.EditarCamisas
ADDED from src/main/AndroidManifest.xml:26:9-29:20
	android:label
		ADDED from src/main/AndroidManifest.xml:28:13-64
	android:name
		ADDED from src/main/AndroidManifest.xml:27:13-42
activity#com.example.clothingstore.ListadoActivity
ADDED from src/main/AndroidManifest.xml:30:9-40:20
	android:label
		ADDED from src/main/AndroidManifest.xml:32:13-59
	android:name
		ADDED from src/main/AndroidManifest.xml:31:13-44
	android:launchMode
		ADDED from src/main/AndroidManifest.xml:33:13-43
intent-filter#android.intent.action.SEARCH
ADDED from src/main/AndroidManifest.xml:35:13-37:29
action#android.intent.action.SEARCH
ADDED from src/main/AndroidManifest.xml:36:17-71
	android:name
		ADDED from src/main/AndroidManifest.xml:36:25-68
meta-data#android.app.searchable
ADDED from src/main/AndroidManifest.xml:38:13-39:53
	android:resource
		ADDED from src/main/AndroidManifest.xml:39:17-51
	android:name
		ADDED from src/main/AndroidManifest.xml:38:24-61
uses-sdk
INJECTED from src/main/AndroidManifest.xml reason: use-sdk injection requested
MERGED from [com.android.support:support-v4:22.2.1] AndroidManifest.xml:20:5-43
MERGED from [com.android.support:support-v13:22.2.1] AndroidManifest.xml:20:5-44
MERGED from [com.android.support:support-v4:22.2.1] AndroidManifest.xml:20:5-43
	android:targetSdkVersion
		INJECTED from src/main/AndroidManifest.xml
		INJECTED from src/main/AndroidManifest.xml
	android:minSdkVersion
		INJECTED from src/main/AndroidManifest.xml
		INJECTED from src/main/AndroidManifest.xml